Sencha Cmd 7.5.0.5 - Crash report
================================================
An error occurred while executing the following command: app build

Diagnostic information:
=======================
                           app.build.dir : C:\xampp\htdocs\daily_output_control/build/helloext
                           app.classpath : C:\xampp\htdocs\daily_output_control/app,C:\xampp\htdocs\daily_output_control/app.js
                         app.cmd.version : 4.0.5.87                                          
                          app.config.dir : C:\xampp\htdocs\daily_output_control\.sencha\app  
                                 app.dir : C:\xampp\htdocs\daily_output_control              
                           app.framework : ext                                               
                   app.framework.version : 4.2.2.1144                                        
                                  app.id : 5faf66a4-3ca2-4268-9a24-293a287aba38              
                                app.name : helloext                                          
                           app.page.file : C:\xampp\htdocs\daily_output_control/index.html   
                           app.page.name : index.html                                        
                      app.resource.paths : C:\xampp\htdocs\daily_output_control/resources    
                        app.sass.etcpath : C:\xampp\htdocs\daily_output_control/sass/etc/all.scss
                      app.sass.namespace : helloext                                          
                        app.sass.srcpath : C:\xampp\htdocs\daily_output_control/sass/src     
                        app.sass.varpath : C:\xampp\htdocs\daily_output_control/sass/var     
                               app.theme : my-custom-theme                                   
                        app.web.mappings : C:\xampp\htdocs\daily_output_control              
                            app.web.port : 1841                                              
                    buildenvironment.dir : C:\xampp\htdocs\daily_output_control              
               buildenvironment.load.dir : C:\xampp\htdocs\daily_output_control              
                          cmd.config.dir : C:\Users\it8\bin\Sencha\Cmd\7.5.0.5               
                                 cmd.dir : C:\Users\it8\bin\Sencha\Cmd\7.5.0.5               
                    cmd.framework.minver : 4.2.0                                             
                   cmd.framework.version : 4.2.99.99999                                      
              cmd.merge.tool.args.araxis : -wait -merge -3 -a1 {base} {user} {generated} {out}
              cmd.merge.tool.args.kdiff3 : {base} {user} {generated} -o {out}                
             cmd.merge.tool.args.p4merge : {base} {user} {generated} {out}                   
           cmd.merge.tool.args.smartsync : {user} {generated} {base}                         
          cmd.merge.tool.args.sourcegear : --merge --result={out} {user} {base} {generated}  
            cmd.merge.tool.args.tortoise : -base:{base} -theirs:{generated} -mine:{user} -merged:{out}
                              cmd.minver : 3.0.0.0                                           
                            cmd.platform : windows                                           
                     cmd.unicode.escapes : C:\Users\it8\bin\Sencha\Cmd\7.5.0.5/unicode-escapes.json
                             cmd.version : 7.5.0.5                                           
                            cmd.web.port : 1841                                              
                     config.skipDownload : true                                              
                      config.skipInherit : false                                             
                                 ext.dir : C:\xampp\htdocs\daily_output_control/ext          
                     framework.classpath : C:\xampp\htdocs\daily_output_control\ext/src      
                    framework.cmd.minver : 3.1.0.206                                         
                   framework.cmd.version : 3.1.3.372                                         
                    framework.config.dir : C:\Users\it8\bin\Sencha\Cmd\7.5.0.5\plugins\ext\4.2
                           framework.dir : C:\xampp\htdocs\daily_output_control\ext          
                          framework.name : ext                                               
                  framework.packages.dir : C:\xampp\htdocs\daily_output_control\ext/packages 
                       framework.version : 4.2.2.1144                                        
                       inspector.address : http://localhost:1839/                            
                          repo.local.dir : C:\Users\it8\bin\Sencha\Cmd\repo                  
                       shared.sencha.dir : false                                             
        system.java.net.useSystemProxies : true                                              
                              theme.name : my-custom-theme                                   
                     workspace.build.dir : C:\xampp\htdocs\daily_output_control/build        
                   workspace.cmd.version : 4.0.5.87                                          
                    workspace.config.dir : C:\xampp\htdocs\daily_output_control\.sencha\workspace
                           workspace.dir : C:\xampp\htdocs\daily_output_control              
                  workspace.packages.dir : C:\xampp\htdocs\daily_output_control/packages     
                     workspace.theme.dir : C:\xampp\htdocs\daily_output_control/packages/${args.themeName}

Exception information:
=======================
C:\Users\it8\bin\Sencha\Cmd\7.5.0.5\plugin.xml:333: The following error occurred while executing this line:
C:\xampp\htdocs\daily_output_control\.sencha\app\build-impl.xml:273: The following error occurred while executing this line:
C:\xampp\htdocs\daily_output_control\.sencha\app\sass-impl.xml:127: The following error occurred while executing this line:
C:\xampp\htdocs\daily_output_control\.sencha\app\sass-impl.xml:138: com.sencha.exceptions.ExProcess: Failed creating background process
     at com.sencha.ant.AntScript.execute(AntScript.java:121)
     at com.sencha.command.plugin.PluginManager.execute(PluginManager.java:104)
     at com.sencha.command.plugin.PluginManager.executeReverseFirst(PluginManager.java:145)
     at com.sencha.command.environment.BuildEnvironment.execute(BuildEnvironment.java:309)
     at com.sencha.command.environment.AppOrPackageEnvironment.execute(AppOrPackageEnvironment.java:729)
     at com.sencha.command.BasePluginCommands$BasePluginCommand.doExecute(BasePluginCommands.java:125)
     at com.sencha.command.app.AppCommands$BuildCommand.execute(AppCommands.java:470)
     at sun.reflect.NativeMethodAccessorImpl.invoke0(Native Method)
     at sun.reflect.NativeMethodAccessorImpl.invoke(NativeMethodAccessorImpl.java:62)
     at sun.reflect.DelegatingMethodAccessorImpl.invoke(DelegatingMethodAccessorImpl.java:43)
     at java.lang.reflect.Method.invoke(Method.java:498)
     at com.sencha.util.MethodInvoker$Arguments.invoke(MethodInvoker.java:175)
     at com.sencha.cli.Command.dispatch(Command.java:43)
     at com.sencha.command.BasePluginCommands$BasePluginCommand.dispatch(BasePluginCommands.java:289)
     at com.sencha.cli.Commands.dispatch(Commands.java:64)
     at com.sencha.cli.Commands.dispatch(Commands.java:64)
     at com.sencha.command.Sencha.dispatch(Sencha.java:80)
     at com.sencha.command.Sencha.main(Sencha.java:151)
     at sun.reflect.NativeMethodAccessorImpl.invoke0(Native Method)
     at sun.reflect.NativeMethodAccessorImpl.invoke(NativeMethodAccessorImpl.java:62)
     at sun.reflect.DelegatingMethodAccessorImpl.invoke(DelegatingMethodAccessorImpl.java:43)
     at java.lang.reflect.Method.invoke(Method.java:498)
     at com.exe4j.runtime.LauncherEngine.launch(LauncherEngine.java:84)
     at com.exe4j.runtime.WinLauncher.main(WinLauncher.java:94)
     at com.install4j.runtime.launcher.WinLauncher.main(WinLauncher.java:25)
   Caused by: The following error occurred while executing this line:
C:\xampp\htdocs\daily_output_control\.sencha\app\build-impl.xml:273: The following error occurred while executing this line:
C:\xampp\htdocs\daily_output_control\.sencha\app\sass-impl.xml:127: The following error occurred while executing this line:
C:\xampp\htdocs\daily_output_control\.sencha\app\sass-impl.xml:138: com.sencha.exceptions.ExProcess: Failed creating background process
     at org.apache.tools.ant.ProjectHelper.addLocationToBuildException(ProjectHelper.java:551)
     at org.apache.tools.ant.taskdefs.Ant.execute(Ant.java:444)
     at org.apache.tools.ant.UnknownElement.execute(UnknownElement.java:291)
     at sun.reflect.GeneratedMethodAccessor40.invoke(Unknown Source)
     at sun.reflect.DelegatingMethodAccessorImpl.invoke(DelegatingMethodAccessorImpl.java:43)
     at java.lang.reflect.Method.invoke(Method.java:498)
     at org.apache.tools.ant.dispatch.DispatchUtils.execute(DispatchUtils.java:106)
     at org.apache.tools.ant.Task.perform(Task.java:348)
     at org.apache.tools.ant.taskdefs.Sequential.execute(Sequential.java:68)
     at net.sf.antcontrib.logic.IfTask.execute(IfTask.java:217)
     at sun.reflect.NativeMethodAccessorImpl.invoke0(Native Method)
     at sun.reflect.NativeMethodAccessorImpl.invoke(NativeMethodAccessorImpl.java:62)
     at sun.reflect.DelegatingMethodAccessorImpl.invoke(DelegatingMethodAccessorImpl.java:43)
     at java.lang.reflect.Method.invoke(Method.java:498)
     at org.apache.tools.ant.dispatch.DispatchUtils.execute(DispatchUtils.java:106)
     at org.apache.tools.ant.TaskAdapter.execute(TaskAdapter.java:154)
     at org.apache.tools.ant.UnknownElement.execute(UnknownElement.java:291)
     at sun.reflect.GeneratedMethodAccessor40.invoke(Unknown Source)
     at sun.reflect.DelegatingMethodAccessorImpl.invoke(DelegatingMethodAccessorImpl.java:43)
     at java.lang.reflect.Method.invoke(Method.java:498)
     at org.apache.tools.ant.dispatch.DispatchUtils.execute(DispatchUtils.java:106)
     at org.apache.tools.ant.Task.perform(Task.java:348)
     at org.apache.tools.ant.Target.execute(Target.java:392)
     at org.apache.tools.ant.Target.performTasks(Target.java:413)
     at org.apache.tools.ant.Project.executeSortedTargets(Project.java:1399)
     at org.apache.tools.ant.Project.executeTarget(Project.java:1368)
     at org.apache.tools.ant.helper.DefaultExecutor.executeTargets(DefaultExecutor.java:41)
     at org.apache.tools.ant.Project.executeTargets(Project.java:1251)
     at com.sencha.ant.AntScript.execute(AntScript.java:117)
     at com.sencha.command.plugin.PluginManager.execute(PluginManager.java:104)
     at com.sencha.command.plugin.PluginManager.executeReverseFirst(PluginManager.java:145)
     at com.sencha.command.environment.BuildEnvironment.execute(BuildEnvironment.java:309)
     at com.sencha.command.environment.AppOrPackageEnvironment.execute(AppOrPackageEnvironment.java:729)
     at com.sencha.command.BasePluginCommands$BasePluginCommand.doExecute(BasePluginCommands.java:125)
     at com.sencha.command.app.AppCommands$BuildCommand.execute(AppCommands.java:470)
     at sun.reflect.NativeMethodAccessorImpl.invoke0(Native Method)
     at sun.reflect.NativeMethodAccessorImpl.invoke(NativeMethodAccessorImpl.java:62)
     at sun.reflect.DelegatingMethodAccessorImpl.invoke(DelegatingMethodAccessorImpl.java:43)
     at java.lang.reflect.Method.invoke(Method.java:498)
     at com.sencha.util.MethodInvoker$Arguments.invoke(MethodInvoker.java:175)
     at com.sencha.cli.Command.dispatch(Command.java:43)
     at com.sencha.command.BasePluginCommands$BasePluginCommand.dispatch(BasePluginCommands.java:289)
     at com.sencha.cli.Commands.dispatch(Commands.java:64)
     at com.sencha.cli.Commands.dispatch(Commands.java:64)
     at com.sencha.command.Sencha.dispatch(Sencha.java:80)
     at com.sencha.command.Sencha.main(Sencha.java:151)
     at sun.reflect.NativeMethodAccessorImpl.invoke0(Native Method)
     at sun.reflect.NativeMethodAccessorImpl.invoke(NativeMethodAccessorImpl.java:62)
     at sun.reflect.DelegatingMethodAccessorImpl.invoke(DelegatingMethodAccessorImpl.java:43)
     at java.lang.reflect.Method.invoke(Method.java:498)
     at com.exe4j.runtime.LauncherEngine.launch(LauncherEngine.java:84)
     at com.exe4j.runtime.WinLauncher.main(WinLauncher.java:94)
     at com.install4j.runtime.launcher.WinLauncher.main(WinLauncher.java:25)
   Caused by: The following error occurred while executing this line:
C:\xampp\htdocs\daily_output_control\.sencha\app\sass-impl.xml:127: The following error occurred while executing this line:
C:\xampp\htdocs\daily_output_control\.sencha\app\sass-impl.xml:138: com.sencha.exceptions.ExProcess: Failed creating background process
     at org.apache.tools.ant.ProjectHelper.addLocationToBuildException(ProjectHelper.java:551)
     at org.apache.tools.ant.taskdefs.Ant.execute(Ant.java:444)
     at org.apache.tools.ant.taskdefs.CallTarget.execute(CallTarget.java:105)
     at com.sencha.ant.CallTask.execute(CallTask.java:137)
     at org.apache.tools.ant.UnknownElement.execute(UnknownElement.java:291)
     at sun.reflect.GeneratedMethodAccessor40.invoke(Unknown Source)
     at sun.reflect.DelegatingMethodAccessorImpl.invoke(DelegatingMethodAccessorImpl.java:43)
     at java.lang.reflect.Method.invoke(Method.java:498)
     at org.apache.tools.ant.dispatch.DispatchUtils.execute(DispatchUtils.java:106)
     at org.apache.tools.ant.Task.perform(Task.java:348)
     at org.apache.tools.ant.Target.execute(Target.java:392)
     at org.apache.tools.ant.Target.performTasks(Target.java:413)
     at org.apache.tools.ant.Project.executeSortedTargets(Project.java:1399)
     at org.apache.tools.ant.helper.SingleCheckExecutor.executeTargets(SingleCheckExecutor.java:38)
     at org.apache.tools.ant.Project.executeTargets(Project.java:1251)
     at org.apache.tools.ant.taskdefs.Ant.execute(Ant.java:442)
     at org.apache.tools.ant.UnknownElement.execute(UnknownElement.java:291)
     at sun.reflect.GeneratedMethodAccessor40.invoke(Unknown Source)
     at sun.reflect.DelegatingMethodAccessorImpl.invoke(DelegatingMethodAccessorImpl.java:43)
     at java.lang.reflect.Method.invoke(Method.java:498)
     at org.apache.tools.ant.dispatch.DispatchUtils.execute(DispatchUtils.java:106)
     at org.apache.tools.ant.Task.perform(Task.java:348)
     at org.apache.tools.ant.taskdefs.Sequential.execute(Sequential.java:68)
     at net.sf.antcontrib.logic.IfTask.execute(IfTask.java:217)
     at sun.reflect.NativeMethodAccessorImpl.invoke0(Native Method)
     at sun.reflect.NativeMethodAccessorImpl.invoke(NativeMethodAccessorImpl.java:62)
     at sun.reflect.DelegatingMethodAccessorImpl.invoke(DelegatingMethodAccessorImpl.java:43)
     at java.lang.reflect.Method.invoke(Method.java:498)
     at org.apache.tools.ant.dispatch.DispatchUtils.execute(DispatchUtils.java:106)
     at org.apache.tools.ant.TaskAdapter.execute(TaskAdapter.java:154)
     at org.apache.tools.ant.UnknownElement.execute(UnknownElement.java:291)
     at sun.reflect.GeneratedMethodAccessor40.invoke(Unknown Source)
     at sun.reflect.DelegatingMethodAccessorImpl.invoke(DelegatingMethodAccessorImpl.java:43)
     at java.lang.reflect.Method.invoke(Method.java:498)
     at org.apache.tools.ant.dispatch.DispatchUtils.execute(DispatchUtils.java:106)
     at org.apache.tools.ant.Task.perform(Task.java:348)
     at org.apache.tools.ant.Target.execute(Target.java:392)
     at org.apache.tools.ant.Target.performTasks(Target.java:413)
     at org.apache.tools.ant.Project.executeSortedTargets(Project.java:1399)
     at org.apache.tools.ant.Project.executeTarget(Project.java:1368)
     at org.apache.tools.ant.helper.DefaultExecutor.executeTargets(DefaultExecutor.java:41)
     at org.apache.tools.ant.Project.executeTargets(Project.java:1251)
     at com.sencha.ant.AntScript.execute(AntScript.java:117)
     at com.sencha.command.plugin.PluginManager.execute(PluginManager.java:104)
     at com.sencha.command.plugin.PluginManager.executeReverseFirst(PluginManager.java:145)
     at com.sencha.command.environment.BuildEnvironment.execute(BuildEnvironment.java:309)
     at com.sencha.command.environment.AppOrPackageEnvironment.execute(AppOrPackageEnvironment.java:729)
     at com.sencha.command.BasePluginCommands$BasePluginCommand.doExecute(BasePluginCommands.java:125)
     at com.sencha.command.app.AppCommands$BuildCommand.execute(AppCommands.java:470)
     at sun.reflect.NativeMethodAccessorImpl.invoke0(Native Method)
     at sun.reflect.NativeMethodAccessorImpl.invoke(NativeMethodAccessorImpl.java:62)
     at sun.reflect.DelegatingMethodAccessorImpl.invoke(DelegatingMethodAccessorImpl.java:43)
     at java.lang.reflect.Method.invoke(Method.java:498)
     at com.sencha.util.MethodInvoker$Arguments.invoke(MethodInvoker.java:175)
     at com.sencha.cli.Command.dispatch(Command.java:43)
     at com.sencha.command.BasePluginCommands$BasePluginCommand.dispatch(BasePluginCommands.java:289)
     at com.sencha.cli.Commands.dispatch(Commands.java:64)
     at com.sencha.cli.Commands.dispatch(Commands.java:64)
     at com.sencha.command.Sencha.dispatch(Sencha.java:80)
     at com.sencha.command.Sencha.main(Sencha.java:151)
     at sun.reflect.NativeMethodAccessorImpl.invoke0(Native Method)
     at sun.reflect.NativeMethodAccessorImpl.invoke(NativeMethodAccessorImpl.java:62)
     at sun.reflect.DelegatingMethodAccessorImpl.invoke(DelegatingMethodAccessorImpl.java:43)
     at java.lang.reflect.Method.invoke(Method.java:498)
     at com.exe4j.runtime.LauncherEngine.launch(LauncherEngine.java:84)
     at com.exe4j.runtime.WinLauncher.main(WinLauncher.java:94)
     at com.install4j.runtime.launcher.WinLauncher.main(WinLauncher.java:25)
   Caused by: The following error occurred while executing this line:
C:\xampp\htdocs\daily_output_control\.sencha\app\sass-impl.xml:138: com.sencha.exceptions.ExProcess: Failed creating background process
     at org.apache.tools.ant.ProjectHelper.addLocationToBuildException(ProjectHelper.java:551)
     at org.apache.tools.ant.taskdefs.MacroInstance.execute(MacroInstance.java:401)
     at org.apache.tools.ant.UnknownElement.execute(UnknownElement.java:291)
     at sun.reflect.GeneratedMethodAccessor40.invoke(Unknown Source)
     at sun.reflect.DelegatingMethodAccessorImpl.invoke(DelegatingMethodAccessorImpl.java:43)
     at java.lang.reflect.Method.invoke(Method.java:498)
     at org.apache.tools.ant.dispatch.DispatchUtils.execute(DispatchUtils.java:106)
     at org.apache.tools.ant.Task.perform(Task.java:348)
     at org.apache.tools.ant.Target.execute(Target.java:392)
     at org.apache.tools.ant.Target.performTasks(Target.java:413)
     at org.apache.tools.ant.Project.executeSortedTargets(Project.java:1399)
     at org.apache.tools.ant.helper.SingleCheckExecutor.executeTargets(SingleCheckExecutor.java:38)
     at org.apache.tools.ant.Project.executeTargets(Project.java:1251)
     at org.apache.tools.ant.taskdefs.Ant.execute(Ant.java:442)
     at org.apache.tools.ant.taskdefs.CallTarget.execute(CallTarget.java:105)
     at com.sencha.ant.CallTask.execute(CallTask.java:137)
     at org.apache.tools.ant.UnknownElement.execute(UnknownElement.java:291)
     at sun.reflect.GeneratedMethodAccessor40.invoke(Unknown Source)
     at sun.reflect.DelegatingMethodAccessorImpl.invoke(DelegatingMethodAccessorImpl.java:43)
     at java.lang.reflect.Method.invoke(Method.java:498)
     at org.apache.tools.ant.dispatch.DispatchUtils.execute(DispatchUtils.java:106)
     at org.apache.tools.ant.Task.perform(Task.java:348)
     at org.apache.tools.ant.Target.execute(Target.java:392)
     at org.apache.tools.ant.Target.performTasks(Target.java:413)
     at org.apache.tools.ant.Project.executeSortedTargets(Project.java:1399)
     at org.apache.tools.ant.helper.SingleCheckExecutor.executeTargets(SingleCheckExecutor.java:38)
     at org.apache.tools.ant.Project.executeTargets(Project.java:1251)
     at org.apache.tools.ant.taskdefs.Ant.execute(Ant.java:442)
     at org.apache.tools.ant.UnknownElement.execute(UnknownElement.java:291)
     at sun.reflect.GeneratedMethodAccessor40.invoke(Unknown Source)
     at sun.reflect.DelegatingMethodAccessorImpl.invoke(DelegatingMethodAccessorImpl.java:43)
     at java.lang.reflect.Method.invoke(Method.java:498)
     at org.apache.tools.ant.dispatch.DispatchUtils.execute(DispatchUtils.java:106)
     at org.apache.tools.ant.Task.perform(Task.java:348)
     at org.apache.tools.ant.taskdefs.Sequential.execute(Sequential.java:68)
     at net.sf.antcontrib.logic.IfTask.execute(IfTask.java:217)
     at sun.reflect.NativeMethodAccessorImpl.invoke0(Native Method)
     at sun.reflect.NativeMethodAccessorImpl.invoke(NativeMethodAccessorImpl.java:62)
     at sun.reflect.DelegatingMethodAccessorImpl.invoke(DelegatingMethodAccessorImpl.java:43)
     at java.lang.reflect.Method.invoke(Method.java:498)
     at org.apache.tools.ant.dispatch.DispatchUtils.execute(DispatchUtils.java:106)
     at org.apache.tools.ant.TaskAdapter.execute(TaskAdapter.java:154)
     at org.apache.tools.ant.UnknownElement.execute(UnknownElement.java:291)
     at sun.reflect.GeneratedMethodAccessor40.invoke(Unknown Source)
     at sun.reflect.DelegatingMethodAccessorImpl.invoke(DelegatingMethodAccessorImpl.java:43)
     at java.lang.reflect.Method.invoke(Method.java:498)
     at org.apache.tools.ant.dispatch.DispatchUtils.execute(DispatchUtils.java:106)
     at org.apache.tools.ant.Task.perform(Task.java:348)
     at org.apache.tools.ant.Target.execute(Target.java:392)
     at org.apache.tools.ant.Target.performTasks(Target.java:413)
     at org.apache.tools.ant.Project.executeSortedTargets(Project.java:1399)
     at org.apache.tools.ant.Project.executeTarget(Project.java:1368)
     at org.apache.tools.ant.helper.DefaultExecutor.executeTargets(DefaultExecutor.java:41)
     at org.apache.tools.ant.Project.executeTargets(Project.java:1251)
     at com.sencha.ant.AntScript.execute(AntScript.java:117)
     at com.sencha.command.plugin.PluginManager.execute(PluginManager.java:104)
     at com.sencha.command.plugin.PluginManager.executeReverseFirst(PluginManager.java:145)
     at com.sencha.command.environment.BuildEnvironment.execute(BuildEnvironment.java:309)
     at com.sencha.command.environment.AppOrPackageEnvironment.execute(AppOrPackageEnvironment.java:729)
     at com.sencha.command.BasePluginCommands$BasePluginCommand.doExecute(BasePluginCommands.java:125)
     at com.sencha.command.app.AppCommands$BuildCommand.execute(AppCommands.java:470)
     at sun.reflect.NativeMethodAccessorImpl.invoke0(Native Method)
     at sun.reflect.NativeMethodAccessorImpl.invoke(NativeMethodAccessorImpl.java:62)
     at sun.reflect.DelegatingMethodAccessorImpl.invoke(DelegatingMethodAccessorImpl.java:43)
     at java.lang.reflect.Method.invoke(Method.java:498)
     at com.sencha.util.MethodInvoker$Arguments.invoke(MethodInvoker.java:175)
     at com.sencha.cli.Command.dispatch(Command.java:43)
     at com.sencha.command.BasePluginCommands$BasePluginCommand.dispatch(BasePluginCommands.java:289)
     at com.sencha.cli.Commands.dispatch(Commands.java:64)
     at com.sencha.cli.Commands.dispatch(Commands.java:64)
     at com.sencha.command.Sencha.dispatch(Sencha.java:80)
     at com.sencha.command.Sencha.main(Sencha.java:151)
     at sun.reflect.NativeMethodAccessorImpl.invoke0(Native Method)
     at sun.reflect.NativeMethodAccessorImpl.invoke(NativeMethodAccessorImpl.java:62)
     at sun.reflect.DelegatingMethodAccessorImpl.invoke(DelegatingMethodAccessorImpl.java:43)
     at java.lang.reflect.Method.invoke(Method.java:498)
     at com.exe4j.runtime.LauncherEngine.launch(LauncherEngine.java:84)
     at com.exe4j.runtime.WinLauncher.main(WinLauncher.java:94)
     at com.install4j.runtime.launcher.WinLauncher.main(WinLauncher.java:25)
   Caused by: com.sencha.exceptions.ExProcess: Failed creating background process
     at org.apache.tools.ant.dispatch.DispatchUtils.execute(DispatchUtils.java:116)
     at org.apache.tools.ant.Task.perform(Task.java:348)
     at org.apache.tools.ant.taskdefs.Sequential.execute(Sequential.java:68)
     at net.sf.antcontrib.logic.IfTask.execute(IfTask.java:197)
     at sun.reflect.NativeMethodAccessorImpl.invoke0(Native Method)
     at sun.reflect.NativeMethodAccessorImpl.invoke(NativeMethodAccessorImpl.java:62)
     at sun.reflect.DelegatingMethodAccessorImpl.invoke(DelegatingMethodAccessorImpl.java:43)
     at java.lang.reflect.Method.invoke(Method.java:498)
     at org.apache.tools.ant.dispatch.DispatchUtils.execute(DispatchUtils.java:106)
     at org.apache.tools.ant.TaskAdapter.execute(TaskAdapter.java:154)
     at org.apache.tools.ant.UnknownElement.execute(UnknownElement.java:291)
     at sun.reflect.GeneratedMethodAccessor40.invoke(Unknown Source)
     at sun.reflect.DelegatingMethodAccessorImpl.invoke(DelegatingMethodAccessorImpl.java:43)
     at java.lang.reflect.Method.invoke(Method.java:498)
     at org.apache.tools.ant.dispatch.DispatchUtils.execute(DispatchUtils.java:106)
     at org.apache.tools.ant.Task.perform(Task.java:348)
     at org.apache.tools.ant.taskdefs.Sequential.execute(Sequential.java:68)
     at org.apache.tools.ant.UnknownElement.execute(UnknownElement.java:291)
     at sun.reflect.GeneratedMethodAccessor40.invoke(Unknown Source)
     at sun.reflect.DelegatingMethodAccessorImpl.invoke(DelegatingMethodAccessorImpl.java:43)
     at java.lang.reflect.Method.invoke(Method.java:498)
     at org.apache.tools.ant.dispatch.DispatchUtils.execute(DispatchUtils.java:106)
     at org.apache.tools.ant.Task.perform(Task.java:348)
     at org.apache.tools.ant.taskdefs.MacroInstance.execute(MacroInstance.java:398)
     at org.apache.tools.ant.UnknownElement.execute(UnknownElement.java:291)
     at sun.reflect.GeneratedMethodAccessor40.invoke(Unknown Source)
     at sun.reflect.DelegatingMethodAccessorImpl.invoke(DelegatingMethodAccessorImpl.java:43)
     at java.lang.reflect.Method.invoke(Method.java:498)
     at org.apache.tools.ant.dispatch.DispatchUtils.execute(DispatchUtils.java:106)
     at org.apache.tools.ant.Task.perform(Task.java:348)
     at org.apache.tools.ant.Target.execute(Target.java:392)
     at org.apache.tools.ant.Target.performTasks(Target.java:413)
     at org.apache.tools.ant.Project.executeSortedTargets(Project.java:1399)
     at org.apache.tools.ant.helper.SingleCheckExecutor.executeTargets(SingleCheckExecutor.java:38)
     at org.apache.tools.ant.Project.executeTargets(Project.java:1251)
     at org.apache.tools.ant.taskdefs.Ant.execute(Ant.java:442)
     at org.apache.tools.ant.taskdefs.CallTarget.execute(CallTarget.java:105)
     at com.sencha.ant.CallTask.execute(CallTask.java:137)
     at org.apache.tools.ant.UnknownElement.execute(UnknownElement.java:291)
     at sun.reflect.GeneratedMethodAccessor40.invoke(Unknown Source)
     at sun.reflect.DelegatingMethodAccessorImpl.invoke(DelegatingMethodAccessorImpl.java:43)
     at java.lang.reflect.Method.invoke(Method.java:498)
     at org.apache.tools.ant.dispatch.DispatchUtils.execute(DispatchUtils.java:106)
     at org.apache.tools.ant.Task.perform(Task.java:348)
     at org.apache.tools.ant.Target.execute(Target.java:392)
     at org.apache.tools.ant.Target.performTasks(Target.java:413)
     at org.apache.tools.ant.Project.executeSortedTargets(Project.java:1399)
     at org.apache.tools.ant.helper.SingleCheckExecutor.executeTargets(SingleCheckExecutor.java:38)
     at org.apache.tools.ant.Project.executeTargets(Project.java:1251)
     at org.apache.tools.ant.taskdefs.Ant.execute(Ant.java:442)
     at org.apache.tools.ant.UnknownElement.execute(UnknownElement.java:291)
     at sun.reflect.GeneratedMethodAccessor40.invoke(Unknown Source)
     at sun.reflect.DelegatingMethodAccessorImpl.invoke(DelegatingMethodAccessorImpl.java:43)
     at java.lang.reflect.Method.invoke(Method.java:498)
     at org.apache.tools.ant.dispatch.DispatchUtils.execute(DispatchUtils.java:106)
     at org.apache.tools.ant.Task.perform(Task.java:348)
     at org.apache.tools.ant.taskdefs.Sequential.execute(Sequential.java:68)
     at net.sf.antcontrib.logic.IfTask.execute(IfTask.java:217)
     at sun.reflect.NativeMethodAccessorImpl.invoke0(Native Method)
     at sun.reflect.NativeMethodAccessorImpl.invoke(NativeMethodAccessorImpl.java:62)
     at sun.reflect.DelegatingMethodAccessorImpl.invoke(DelegatingMethodAccessorImpl.java:43)
     at java.lang.reflect.Method.invoke(Method.java:498)
     at org.apache.tools.ant.dispatch.DispatchUtils.execute(DispatchUtils.java:106)
     at org.apache.tools.ant.TaskAdapter.execute(TaskAdapter.java:154)
     at org.apache.tools.ant.UnknownElement.execute(UnknownElement.java:291)
     at sun.reflect.GeneratedMethodAccessor40.invoke(Unknown Source)
     at sun.reflect.DelegatingMethodAccessorImpl.invoke(DelegatingMethodAccessorImpl.java:43)
     at java.lang.reflect.Method.invoke(Method.java:498)
     at org.apache.tools.ant.dispatch.DispatchUtils.execute(DispatchUtils.java:106)
     at org.apache.tools.ant.Task.perform(Task.java:348)
     at org.apache.tools.ant.Target.execute(Target.java:392)
     at org.apache.tools.ant.Target.performTasks(Target.java:413)
     at org.apache.tools.ant.Project.executeSortedTargets(Project.java:1399)
     at org.apache.tools.ant.Project.executeTarget(Project.java:1368)
     at org.apache.tools.ant.helper.DefaultExecutor.executeTargets(DefaultExecutor.java:41)
     at org.apache.tools.ant.Project.executeTargets(Project.java:1251)
     at com.sencha.ant.AntScript.execute(AntScript.java:117)
     at com.sencha.command.plugin.PluginManager.execute(PluginManager.java:104)
     at com.sencha.command.plugin.PluginManager.executeReverseFirst(PluginManager.java:145)
     at com.sencha.command.environment.BuildEnvironment.execute(BuildEnvironment.java:309)
     at com.sencha.command.environment.AppOrPackageEnvironment.execute(AppOrPackageEnvironment.java:729)
     at com.sencha.command.BasePluginCommands$BasePluginCommand.doExecute(BasePluginCommands.java:125)
     at com.sencha.command.app.AppCommands$BuildCommand.execute(AppCommands.java:470)
     at sun.reflect.NativeMethodAccessorImpl.invoke0(Native Method)
     at sun.reflect.NativeMethodAccessorImpl.invoke(NativeMethodAccessorImpl.java:62)
     at sun.reflect.DelegatingMethodAccessorImpl.invoke(DelegatingMethodAccessorImpl.java:43)
     at java.lang.reflect.Method.invoke(Method.java:498)
     at com.sencha.util.MethodInvoker$Arguments.invoke(MethodInvoker.java:175)
     at com.sencha.cli.Command.dispatch(Command.java:43)
     at com.sencha.command.BasePluginCommands$BasePluginCommand.dispatch(BasePluginCommands.java:289)
     at com.sencha.cli.Commands.dispatch(Commands.java:64)
     at com.sencha.cli.Commands.dispatch(Commands.java:64)
     at com.sencha.command.Sencha.dispatch(Sencha.java:80)
     at com.sencha.command.Sencha.main(Sencha.java:151)
     at sun.reflect.NativeMethodAccessorImpl.invoke0(Native Method)
     at sun.reflect.NativeMethodAccessorImpl.invoke(NativeMethodAccessorImpl.java:62)
     at sun.reflect.DelegatingMethodAccessorImpl.invoke(DelegatingMethodAccessorImpl.java:43)
     at java.lang.reflect.Method.invoke(Method.java:498)
     at com.exe4j.runtime.LauncherEngine.launch(LauncherEngine.java:84)
     at com.exe4j.runtime.WinLauncher.main(WinLauncher.java:94)
     at com.install4j.runtime.launcher.WinLauncher.main(WinLauncher.java:25)
   Caused by: Failed creating background process
     at com.sencha.util.ExternalProcess.start(ExternalProcess.java:126)
     at com.sencha.util.ProcessUtil.spawn(ProcessUtil.java:74)
     at com.sencha.command.compass.BaseRubyCommands.runRubyCommand(BaseRubyCommands.java:123)
     at com.sencha.command.compass.CompassCommands$BaseCompassCommand.execute(CompassCommands.java:123)
     at com.sencha.command.compass.ant.BaseCompassTask.doExecute(BaseCompassTask.java:99)
     at com.sencha.ant.BaseAntTask.execute(BaseAntTask.java:34)
     at org.apache.tools.ant.UnknownElement.execute(UnknownElement.java:291)
     at sun.reflect.GeneratedMethodAccessor40.invoke(Unknown Source)
     at sun.reflect.DelegatingMethodAccessorImpl.invoke(DelegatingMethodAccessorImpl.java:43)
     at java.lang.reflect.Method.invoke(Method.java:498)
     at org.apache.tools.ant.dispatch.DispatchUtils.execute(DispatchUtils.java:106)
     at org.apache.tools.ant.Task.perform(Task.java:348)
     at org.apache.tools.ant.taskdefs.Sequential.execute(Sequential.java:68)
     at net.sf.antcontrib.logic.IfTask.execute(IfTask.java:197)
     at sun.reflect.NativeMethodAccessorImpl.invoke0(Native Method)
     at sun.reflect.NativeMethodAccessorImpl.invoke(NativeMethodAccessorImpl.java:62)
     at sun.reflect.DelegatingMethodAccessorImpl.invoke(DelegatingMethodAccessorImpl.java:43)
     at java.lang.reflect.Method.invoke(Method.java:498)
     at org.apache.tools.ant.dispatch.DispatchUtils.execute(DispatchUtils.java:106)
     at org.apache.tools.ant.TaskAdapter.execute(TaskAdapter.java:154)
     at org.apache.tools.ant.UnknownElement.execute(UnknownElement.java:291)
     at sun.reflect.GeneratedMethodAccessor40.invoke(Unknown Source)
     at sun.reflect.DelegatingMethodAccessorImpl.invoke(DelegatingMethodAccessorImpl.java:43)
     at java.lang.reflect.Method.invoke(Method.java:498)
     at org.apache.tools.ant.dispatch.DispatchUtils.execute(DispatchUtils.java:106)
     at org.apache.tools.ant.Task.perform(Task.java:348)
     at org.apache.tools.ant.taskdefs.Sequential.execute(Sequential.java:68)
     at org.apache.tools.ant.UnknownElement.execute(UnknownElement.java:291)
     at sun.reflect.GeneratedMethodAccessor40.invoke(Unknown Source)
     at sun.reflect.DelegatingMethodAccessorImpl.invoke(DelegatingMethodAccessorImpl.java:43)
     at java.lang.reflect.Method.invoke(Method.java:498)
     at org.apache.tools.ant.dispatch.DispatchUtils.execute(DispatchUtils.java:106)
     at org.apache.tools.ant.Task.perform(Task.java:348)
     at org.apache.tools.ant.taskdefs.MacroInstance.execute(MacroInstance.java:398)
     at org.apache.tools.ant.UnknownElement.execute(UnknownElement.java:291)
     at sun.reflect.GeneratedMethodAccessor40.invoke(Unknown Source)
     at sun.reflect.DelegatingMethodAccessorImpl.invoke(DelegatingMethodAccessorImpl.java:43)
     at java.lang.reflect.Method.invoke(Method.java:498)
     at org.apache.tools.ant.dispatch.DispatchUtils.execute(DispatchUtils.java:106)
     at org.apache.tools.ant.Task.perform(Task.java:348)
     at org.apache.tools.ant.Target.execute(Target.java:392)
     at org.apache.tools.ant.Target.performTasks(Target.java:413)
     at org.apache.tools.ant.Project.executeSortedTargets(Project.java:1399)
     at org.apache.tools.ant.helper.SingleCheckExecutor.executeTargets(SingleCheckExecutor.java:38)
     at org.apache.tools.ant.Project.executeTargets(Project.java:1251)
     at org.apache.tools.ant.taskdefs.Ant.execute(Ant.java:442)
     at org.apache.tools.ant.taskdefs.CallTarget.execute(CallTarget.java:105)
     at com.sencha.ant.CallTask.execute(CallTask.java:137)
     at org.apache.tools.ant.UnknownElement.execute(UnknownElement.java:291)
     at sun.reflect.GeneratedMethodAccessor40.invoke(Unknown Source)
     at sun.reflect.DelegatingMethodAccessorImpl.invoke(DelegatingMethodAccessorImpl.java:43)
     at java.lang.reflect.Method.invoke(Method.java:498)
     at org.apache.tools.ant.dispatch.DispatchUtils.execute(DispatchUtils.java:106)
     at org.apache.tools.ant.Task.perform(Task.java:348)
     at org.apache.tools.ant.Target.execute(Target.java:392)
     at org.apache.tools.ant.Target.performTasks(Target.java:413)
     at org.apache.tools.ant.Project.executeSortedTargets(Project.java:1399)
     at org.apache.tools.ant.helper.SingleCheckExecutor.executeTargets(SingleCheckExecutor.java:38)
     at org.apache.tools.ant.Project.executeTargets(Project.java:1251)
     at org.apache.tools.ant.taskdefs.Ant.execute(Ant.java:442)
     at org.apache.tools.ant.UnknownElement.execute(UnknownElement.java:291)
     at sun.reflect.GeneratedMethodAccessor40.invoke(Unknown Source)
     at sun.reflect.DelegatingMethodAccessorImpl.invoke(DelegatingMethodAccessorImpl.java:43)
     at java.lang.reflect.Method.invoke(Method.java:498)
     at org.apache.tools.ant.dispatch.DispatchUtils.execute(DispatchUtils.java:106)
     at org.apache.tools.ant.Task.perform(Task.java:348)
     at org.apache.tools.ant.taskdefs.Sequential.execute(Sequential.java:68)
     at net.sf.antcontrib.logic.IfTask.execute(IfTask.java:217)
     at sun.reflect.NativeMethodAccessorImpl.invoke0(Native Method)
     at sun.reflect.NativeMethodAccessorImpl.invoke(NativeMethodAccessorImpl.java:62)
     at sun.reflect.DelegatingMethodAccessorImpl.invoke(DelegatingMethodAccessorImpl.java:43)
     at java.lang.reflect.Method.invoke(Method.java:498)
     at org.apache.tools.ant.dispatch.DispatchUtils.execute(DispatchUtils.java:106)
     at org.apache.tools.ant.TaskAdapter.execute(TaskAdapter.java:154)
     at org.apache.tools.ant.UnknownElement.execute(UnknownElement.java:291)
     at sun.reflect.GeneratedMethodAccessor40.invoke(Unknown Source)
     at sun.reflect.DelegatingMethodAccessorImpl.invoke(DelegatingMethodAccessorImpl.java:43)
     at java.lang.reflect.Method.invoke(Method.java:498)
     at org.apache.tools.ant.dispatch.DispatchUtils.execute(DispatchUtils.java:106)
     at org.apache.tools.ant.Task.perform(Task.java:348)
     at org.apache.tools.ant.Target.execute(Target.java:392)
     at org.apache.tools.ant.Target.performTasks(Target.java:413)
     at org.apache.tools.ant.Project.executeSortedTargets(Project.java:1399)
     at org.apache.tools.ant.Project.executeTarget(Project.java:1368)
     at org.apache.tools.ant.helper.DefaultExecutor.executeTargets(DefaultExecutor.java:41)
     at org.apache.tools.ant.Project.executeTargets(Project.java:1251)
     at com.sencha.ant.AntScript.execute(AntScript.java:117)
     at com.sencha.command.plugin.PluginManager.execute(PluginManager.java:104)
     at com.sencha.command.plugin.PluginManager.executeReverseFirst(PluginManager.java:145)
     at com.sencha.command.environment.BuildEnvironment.execute(BuildEnvironment.java:309)
     at com.sencha.command.environment.AppOrPackageEnvironment.execute(AppOrPackageEnvironment.java:729)
     at com.sencha.command.BasePluginCommands$BasePluginCommand.doExecute(BasePluginCommands.java:125)
     at com.sencha.command.app.AppCommands$BuildCommand.execute(AppCommands.java:470)
     at sun.reflect.NativeMethodAccessorImpl.invoke0(Native Method)
     at sun.reflect.NativeMethodAccessorImpl.invoke(NativeMethodAccessorImpl.java:62)
     at sun.reflect.DelegatingMethodAccessorImpl.invoke(DelegatingMethodAccessorImpl.java:43)
     at java.lang.reflect.Method.invoke(Method.java:498)
     at com.sencha.util.MethodInvoker$Arguments.invoke(MethodInvoker.java:175)
     at com.sencha.cli.Command.dispatch(Command.java:43)
     at com.sencha.command.BasePluginCommands$BasePluginCommand.dispatch(BasePluginCommands.java:289)
     at com.sencha.cli.Commands.dispatch(Commands.java:64)
     at com.sencha.cli.Commands.dispatch(Commands.java:64)
     at com.sencha.command.Sencha.dispatch(Sencha.java:80)
     at com.sencha.command.Sencha.main(Sencha.java:151)
     at sun.reflect.NativeMethodAccessorImpl.invoke0(Native Method)
     at sun.reflect.NativeMethodAccessorImpl.invoke(NativeMethodAccessorImpl.java:62)
     at sun.reflect.DelegatingMethodAccessorImpl.invoke(DelegatingMethodAccessorImpl.java:43)
     at java.lang.reflect.Method.invoke(Method.java:498)
     at com.exe4j.runtime.LauncherEngine.launch(LauncherEngine.java:84)
     at com.exe4j.runtime.WinLauncher.main(WinLauncher.java:94)
     at com.install4j.runtime.launcher.WinLauncher.main(WinLauncher.java:25)
   Caused by: Cannot run program "ruby" (in directory "C:\xampp\htdocs\daily_output_control\build\temp\production\helloext\sass"): CreateProcess error=2, The system cannot find the file specified
     at java.lang.ProcessBuilder.start(ProcessBuilder.java:1048)
     at com.sencha.util.ExternalProcess.start(ExternalProcess.java:76)
     at com.sencha.util.ProcessUtil.spawn(ProcessUtil.java:74)
     at com.sencha.command.compass.BaseRubyCommands.runRubyCommand(BaseRubyCommands.java:123)
     at com.sencha.command.compass.CompassCommands$BaseCompassCommand.execute(CompassCommands.java:123)
     at com.sencha.command.compass.ant.BaseCompassTask.doExecute(BaseCompassTask.java:99)
     at com.sencha.ant.BaseAntTask.execute(BaseAntTask.java:34)
     at org.apache.tools.ant.UnknownElement.execute(UnknownElement.java:291)
     at sun.reflect.GeneratedMethodAccessor40.invoke(Unknown Source)
     at sun.reflect.DelegatingMethodAccessorImpl.invoke(DelegatingMethodAccessorImpl.java:43)
     at java.lang.reflect.Method.invoke(Method.java:498)
     at org.apache.tools.ant.dispatch.DispatchUtils.execute(DispatchUtils.java:106)
     at org.apache.tools.ant.Task.perform(Task.java:348)
     at org.apache.tools.ant.taskdefs.Sequential.execute(Sequential.java:68)
     at net.sf.antcontrib.logic.IfTask.execute(IfTask.java:197)
     at sun.reflect.NativeMethodAccessorImpl.invoke0(Native Method)
     at sun.reflect.NativeMethodAccessorImpl.invoke(NativeMethodAccessorImpl.java:62)
     at sun.reflect.DelegatingMethodAccessorImpl.invoke(DelegatingMethodAccessorImpl.java:43)
     at java.lang.reflect.Method.invoke(Method.java:498)
     at org.apache.tools.ant.dispatch.DispatchUtils.execute(DispatchUtils.java:106)
     at org.apache.tools.ant.TaskAdapter.execute(TaskAdapter.java:154)
     at org.apache.tools.ant.UnknownElement.execute(UnknownElement.java:291)
     at sun.reflect.GeneratedMethodAccessor40.invoke(Unknown Source)
     at sun.reflect.DelegatingMethodAccessorImpl.invoke(DelegatingMethodAccessorImpl.java:43)
     at java.lang.reflect.Method.invoke(Method.java:498)
     at org.apache.tools.ant.dispatch.DispatchUtils.execute(DispatchUtils.java:106)
     at org.apache.tools.ant.Task.perform(Task.java:348)
     at org.apache.tools.ant.taskdefs.Sequential.execute(Sequential.java:68)
     at org.apache.tools.ant.UnknownElement.execute(UnknownElement.java:291)
     at sun.reflect.GeneratedMethodAccessor40.invoke(Unknown Source)
     at sun.reflect.DelegatingMethodAccessorImpl.invoke(DelegatingMethodAccessorImpl.java:43)
     at java.lang.reflect.Method.invoke(Method.java:498)
     at org.apache.tools.ant.dispatch.DispatchUtils.execute(DispatchUtils.java:106)
     at org.apache.tools.ant.Task.perform(Task.java:348)
     at org.apache.tools.ant.taskdefs.MacroInstance.execute(MacroInstance.java:398)
     at org.apache.tools.ant.UnknownElement.execute(UnknownElement.java:291)
     at sun.reflect.GeneratedMethodAccessor40.invoke(Unknown Source)
     at sun.reflect.DelegatingMethodAccessorImpl.invoke(DelegatingMethodAccessorImpl.java:43)
     at java.lang.reflect.Method.invoke(Method.java:498)
     at org.apache.tools.ant.dispatch.DispatchUtils.execute(DispatchUtils.java:106)
     at org.apache.tools.ant.Task.perform(Task.java:348)
     at org.apache.tools.ant.Target.execute(Target.java:392)
     at org.apache.tools.ant.Target.performTasks(Target.java:413)
     at org.apache.tools.ant.Project.executeSortedTargets(Project.java:1399)
     at org.apache.tools.ant.helper.SingleCheckExecutor.executeTargets(SingleCheckExecutor.java:38)
     at org.apache.tools.ant.Project.executeTargets(Project.java:1251)
     at org.apache.tools.ant.taskdefs.Ant.execute(Ant.java:442)
     at org.apache.tools.ant.taskdefs.CallTarget.execute(CallTarget.java:105)
     at com.sencha.ant.CallTask.execute(CallTask.java:137)
     at org.apache.tools.ant.UnknownElement.execute(UnknownElement.java:291)
     at sun.reflect.GeneratedMethodAccessor40.invoke(Unknown Source)
     at sun.reflect.DelegatingMethodAccessorImpl.invoke(DelegatingMethodAccessorImpl.java:43)
     at java.lang.reflect.Method.invoke(Method.java:498)
     at org.apache.tools.ant.dispatch.DispatchUtils.execute(DispatchUtils.java:106)
     at org.apache.tools.ant.Task.perform(Task.java:348)
     at org.apache.tools.ant.Target.execute(Target.java:392)
     at org.apache.tools.ant.Target.performTasks(Target.java:413)
     at org.apache.tools.ant.Project.executeSortedTargets(Project.java:1399)
     at org.apache.tools.ant.helper.SingleCheckExecutor.executeTargets(SingleCheckExecutor.java:38)
     at org.apache.tools.ant.Project.executeTargets(Project.java:1251)
     at org.apache.tools.ant.taskdefs.Ant.execute(Ant.java:442)
     at org.apache.tools.ant.UnknownElement.execute(UnknownElement.java:291)
     at sun.reflect.GeneratedMethodAccessor40.invoke(Unknown Source)
     at sun.reflect.DelegatingMethodAccessorImpl.invoke(DelegatingMethodAccessorImpl.java:43)
     at java.lang.reflect.Method.invoke(Method.java:498)
     at org.apache.tools.ant.dispatch.DispatchUtils.execute(DispatchUtils.java:106)
     at org.apache.tools.ant.Task.perform(Task.java:348)
     at org.apache.tools.ant.taskdefs.Sequential.execute(Sequential.java:68)
     at net.sf.antcontrib.logic.IfTask.execute(IfTask.java:217)
     at sun.reflect.NativeMethodAccessorImpl.invoke0(Native Method)
     at sun.reflect.NativeMethodAccessorImpl.invoke(NativeMethodAccessorImpl.java:62)
     at sun.reflect.DelegatingMethodAccessorImpl.invoke(DelegatingMethodAccessorImpl.java:43)
     at java.lang.reflect.Method.invoke(Method.java:498)
     at org.apache.tools.ant.dispatch.DispatchUtils.execute(DispatchUtils.java:106)
     at org.apache.tools.ant.TaskAdapter.execute(TaskAdapter.java:154)
     at org.apache.tools.ant.UnknownElement.execute(UnknownElement.java:291)
     at sun.reflect.GeneratedMethodAccessor40.invoke(Unknown Source)
     at sun.reflect.DelegatingMethodAccessorImpl.invoke(DelegatingMethodAccessorImpl.java:43)
     at java.lang.reflect.Method.invoke(Method.java:498)
     at org.apache.tools.ant.dispatch.DispatchUtils.execute(DispatchUtils.java:106)
     at org.apache.tools.ant.Task.perform(Task.java:348)
     at org.apache.tools.ant.Target.execute(Target.java:392)
     at org.apache.tools.ant.Target.performTasks(Target.java:413)
     at org.apache.tools.ant.Project.executeSortedTargets(Project.java:1399)
     at org.apache.tools.ant.Project.executeTarget(Project.java:1368)
     at org.apache.tools.ant.helper.DefaultExecutor.executeTargets(DefaultExecutor.java:41)
     at org.apache.tools.ant.Project.executeTargets(Project.java:1251)
     at com.sencha.ant.AntScript.execute(AntScript.java:117)
     at com.sencha.command.plugin.PluginManager.execute(PluginManager.java:104)
     at com.sencha.command.plugin.PluginManager.executeReverseFirst(PluginManager.java:145)
     at com.sencha.command.environment.BuildEnvironment.execute(BuildEnvironment.java:309)
     at com.sencha.command.environment.AppOrPackageEnvironment.execute(AppOrPackageEnvironment.java:729)
     at com.sencha.command.BasePluginCommands$BasePluginCommand.doExecute(BasePluginCommands.java:125)
     at com.sencha.command.app.AppCommands$BuildCommand.execute(AppCommands.java:470)
     at sun.reflect.NativeMethodAccessorImpl.invoke0(Native Method)
     at sun.reflect.NativeMethodAccessorImpl.invoke(NativeMethodAccessorImpl.java:62)
     at sun.reflect.DelegatingMethodAccessorImpl.invoke(DelegatingMethodAccessorImpl.java:43)
     at java.lang.reflect.Method.invoke(Method.java:498)
     at com.sencha.util.MethodInvoker$Arguments.invoke(MethodInvoker.java:175)
     at com.sencha.cli.Command.dispatch(Command.java:43)
     at com.sencha.command.BasePluginCommands$BasePluginCommand.dispatch(BasePluginCommands.java:289)
     at com.sencha.cli.Commands.dispatch(Commands.java:64)
     at com.sencha.cli.Commands.dispatch(Commands.java:64)
     at com.sencha.command.Sencha.dispatch(Sencha.java:80)
     at com.sencha.command.Sencha.main(Sencha.java:151)
     at sun.reflect.NativeMethodAccessorImpl.invoke0(Native Method)
     at sun.reflect.NativeMethodAccessorImpl.invoke(NativeMethodAccessorImpl.java:62)
     at sun.reflect.DelegatingMethodAccessorImpl.invoke(DelegatingMethodAccessorImpl.java:43)
     at java.lang.reflect.Method.invoke(Method.java:498)
     at com.exe4j.runtime.LauncherEngine.launch(LauncherEngine.java:84)
     at com.exe4j.runtime.WinLauncher.main(WinLauncher.java:94)
     at com.install4j.runtime.launcher.WinLauncher.main(WinLauncher.java:25)
   Caused by: CreateProcess error=2, The system cannot find the file specified
     at java.lang.ProcessImpl.create(Native Method)
     at java.lang.ProcessImpl.<init>(ProcessImpl.java:444)
     at java.lang.ProcessImpl.start(ProcessImpl.java:139)
     at java.lang.ProcessBuilder.start(ProcessBuilder.java:1029)
     at com.sencha.util.ExternalProcess.start(ExternalProcess.java:76)
     at com.sencha.util.ProcessUtil.spawn(ProcessUtil.java:74)
     at com.sencha.command.compass.BaseRubyCommands.runRubyCommand(BaseRubyCommands.java:123)
     at com.sencha.command.compass.CompassCommands$BaseCompassCommand.execute(CompassCommands.java:123)
     at com.sencha.command.compass.ant.BaseCompassTask.doExecute(BaseCompassTask.java:99)
     at com.sencha.ant.BaseAntTask.execute(BaseAntTask.java:34)
     at org.apache.tools.ant.UnknownElement.execute(UnknownElement.java:291)
     at sun.reflect.GeneratedMethodAccessor40.invoke(Unknown Source)
     at sun.reflect.DelegatingMethodAccessorImpl.invoke(DelegatingMethodAccessorImpl.java:43)
     at java.lang.reflect.Method.invoke(Method.java:498)
     at org.apache.tools.ant.dispatch.DispatchUtils.execute(DispatchUtils.java:106)
     at org.apache.tools.ant.Task.perform(Task.java:348)
     at org.apache.tools.ant.taskdefs.Sequential.execute(Sequential.java:68)
     at net.sf.antcontrib.logic.IfTask.execute(IfTask.java:197)
     at sun.reflect.NativeMethodAccessorImpl.invoke0(Native Method)
     at sun.reflect.NativeMethodAccessorImpl.invoke(NativeMethodAccessorImpl.java:62)
     at sun.reflect.DelegatingMethodAccessorImpl.invoke(DelegatingMethodAccessorImpl.java:43)
     at java.lang.reflect.Method.invoke(Method.java:498)
     at org.apache.tools.ant.dispatch.DispatchUtils.execute(DispatchUtils.java:106)
     at org.apache.tools.ant.TaskAdapter.execute(TaskAdapter.java:154)
     at org.apache.tools.ant.UnknownElement.execute(UnknownElement.java:291)
     at sun.reflect.GeneratedMethodAccessor40.invoke(Unknown Source)
     at sun.reflect.DelegatingMethodAccessorImpl.invoke(DelegatingMethodAccessorImpl.java:43)
     at java.lang.reflect.Method.invoke(Method.java:498)
     at org.apache.tools.ant.dispatch.DispatchUtils.execute(DispatchUtils.java:106)
     at org.apache.tools.ant.Task.perform(Task.java:348)
     at org.apache.tools.ant.taskdefs.Sequential.execute(Sequential.java:68)
     at org.apache.tools.ant.UnknownElement.execute(UnknownElement.java:291)
     at sun.reflect.GeneratedMethodAccessor40.invoke(Unknown Source)
     at sun.reflect.DelegatingMethodAccessorImpl.invoke(DelegatingMethodAccessorImpl.java:43)
     at java.lang.reflect.Method.invoke(Method.java:498)
     at org.apache.tools.ant.dispatch.DispatchUtils.execute(DispatchUtils.java:106)
     at org.apache.tools.ant.Task.perform(Task.java:348)
     at org.apache.tools.ant.taskdefs.MacroInstance.execute(MacroInstance.java:398)
     at org.apache.tools.ant.UnknownElement.execute(UnknownElement.java:291)
     at sun.reflect.GeneratedMethodAccessor40.invoke(Unknown Source)
     at sun.reflect.DelegatingMethodAccessorImpl.invoke(DelegatingMethodAccessorImpl.java:43)
     at java.lang.reflect.Method.invoke(Method.java:498)
     at org.apache.tools.ant.dispatch.DispatchUtils.execute(DispatchUtils.java:106)
     at org.apache.tools.ant.Task.perform(Task.java:348)
     at org.apache.tools.ant.Target.execute(Target.java:392)
     at org.apache.tools.ant.Target.performTasks(Target.java:413)
     at org.apache.tools.ant.Project.executeSortedTargets(Project.java:1399)
     at org.apache.tools.ant.helper.SingleCheckExecutor.executeTargets(SingleCheckExecutor.java:38)
     at org.apache.tools.ant.Project.executeTargets(Project.java:1251)
     at org.apache.tools.ant.taskdefs.Ant.execute(Ant.java:442)
     at org.apache.tools.ant.taskdefs.CallTarget.execute(CallTarget.java:105)
     at com.sencha.ant.CallTask.execute(CallTask.java:137)
     at org.apache.tools.ant.UnknownElement.execute(UnknownElement.java:291)
     at sun.reflect.GeneratedMethodAccessor40.invoke(Unknown Source)
     at sun.reflect.DelegatingMethodAccessorImpl.invoke(DelegatingMethodAccessorImpl.java:43)
     at java.lang.reflect.Method.invoke(Method.java:498)
     at org.apache.tools.ant.dispatch.DispatchUtils.execute(DispatchUtils.java:106)
     at org.apache.tools.ant.Task.perform(Task.java:348)
     at org.apache.tools.ant.Target.execute(Target.java:392)
     at org.apache.tools.ant.Target.performTasks(Target.java:413)
     at org.apache.tools.ant.Project.executeSortedTargets(Project.java:1399)
     at org.apache.tools.ant.helper.SingleCheckExecutor.executeTargets(SingleCheckExecutor.java:38)
     at org.apache.tools.ant.Project.executeTargets(Project.java:1251)
     at org.apache.tools.ant.taskdefs.Ant.execute(Ant.java:442)
     at org.apache.tools.ant.UnknownElement.execute(UnknownElement.java:291)
     at sun.reflect.GeneratedMethodAccessor40.invoke(Unknown Source)
     at sun.reflect.DelegatingMethodAccessorImpl.invoke(DelegatingMethodAccessorImpl.java:43)
     at java.lang.reflect.Method.invoke(Method.java:498)
     at org.apache.tools.ant.dispatch.DispatchUtils.execute(DispatchUtils.java:106)
     at org.apache.tools.ant.Task.perform(Task.java:348)
     at org.apache.tools.ant.taskdefs.Sequential.execute(Sequential.java:68)
     at net.sf.antcontrib.logic.IfTask.execute(IfTask.java:217)
     at sun.reflect.NativeMethodAccessorImpl.invoke0(Native Method)
     at sun.reflect.NativeMethodAccessorImpl.invoke(NativeMethodAccessorImpl.java:62)
     at sun.reflect.DelegatingMethodAccessorImpl.invoke(DelegatingMethodAccessorImpl.java:43)
     at java.lang.reflect.Method.invoke(Method.java:498)
     at org.apache.tools.ant.dispatch.DispatchUtils.execute(DispatchUtils.java:106)
     at org.apache.tools.ant.TaskAdapter.execute(TaskAdapter.java:154)
     at org.apache.tools.ant.UnknownElement.execute(UnknownElement.java:291)
     at sun.reflect.GeneratedMethodAccessor40.invoke(Unknown Source)
     at sun.reflect.DelegatingMethodAccessorImpl.invoke(DelegatingMethodAccessorImpl.java:43)
     at java.lang.reflect.Method.invoke(Method.java:498)
     at org.apache.tools.ant.dispatch.DispatchUtils.execute(DispatchUtils.java:106)
     at org.apache.tools.ant.Task.perform(Task.java:348)
     at org.apache.tools.ant.Target.execute(Target.java:392)
     at org.apache.tools.ant.Target.performTasks(Target.java:413)
     at org.apache.tools.ant.Project.executeSortedTargets(Project.java:1399)
     at org.apache.tools.ant.Project.executeTarget(Project.java:1368)
     at org.apache.tools.ant.helper.DefaultExecutor.executeTargets(DefaultExecutor.java:41)
     at org.apache.tools.ant.Project.executeTargets(Project.java:1251)
     at com.sencha.ant.AntScript.execute(AntScript.java:117)
     at com.sencha.command.plugin.PluginManager.execute(PluginManager.java:104)
     at com.sencha.command.plugin.PluginManager.executeReverseFirst(PluginManager.java:145)
     at com.sencha.command.environment.BuildEnvironment.execute(BuildEnvironment.java:309)
     at com.sencha.command.environment.AppOrPackageEnvironment.execute(AppOrPackageEnvironment.java:729)
     at com.sencha.command.BasePluginCommands$BasePluginCommand.doExecute(BasePluginCommands.java:125)
     at com.sencha.command.app.AppCommands$BuildCommand.execute(AppCommands.java:470)
     at sun.reflect.NativeMethodAccessorImpl.invoke0(Native Method)
     at sun.reflect.NativeMethodAccessorImpl.invoke(NativeMethodAccessorImpl.java:62)
     at sun.reflect.DelegatingMethodAccessorImpl.invoke(DelegatingMethodAccessorImpl.java:43)
     at java.lang.reflect.Method.invoke(Method.java:498)
     at com.sencha.util.MethodInvoker$Arguments.invoke(MethodInvoker.java:175)
     at com.sencha.cli.Command.dispatch(Command.java:43)
     at com.sencha.command.BasePluginCommands$BasePluginCommand.dispatch(BasePluginCommands.java:289)
     at com.sencha.cli.Commands.dispatch(Commands.java:64)
     at com.sencha.cli.Commands.dispatch(Commands.java:64)
     at com.sencha.command.Sencha.dispatch(Sencha.java:80)
     at com.sencha.command.Sencha.main(Sencha.java:151)
     at sun.reflect.NativeMethodAccessorImpl.invoke0(Native Method)
     at sun.reflect.NativeMethodAccessorImpl.invoke(NativeMethodAccessorImpl.java:62)
     at sun.reflect.DelegatingMethodAccessorImpl.invoke(DelegatingMethodAccessorImpl.java:43)
     at java.lang.reflect.Method.invoke(Method.java:498)
     at com.exe4j.runtime.LauncherEngine.launch(LauncherEngine.java:84)
     at com.exe4j.runtime.WinLauncher.main(WinLauncher.java:94)
     at com.install4j.runtime.launcher.WinLauncher.main(WinLauncher.java:25)

